0 info it worked if it ends with ok
1 verbose cli [ '/Users/lucienbrule/.nvm/versions/node/v6.6.0/bin/node',
1 verbose cli   '/Users/lucienbrule/.nvm/versions/node/v6.6.0/bin/npm',
1 verbose cli   'run-script',
1 verbose cli   'dev' ]
2 info using npm@3.10.9
3 info using node@v6.6.0
4 verbose run-script [ 'predev', 'dev', 'postdev' ]
5 info lifecycle shuttle-signups@0.0.0~predev: shuttle-signups@0.0.0
6 silly lifecycle shuttle-signups@0.0.0~predev: no script for predev, continuing
7 info lifecycle shuttle-signups@0.0.0~dev: shuttle-signups@0.0.0
8 verbose lifecycle shuttle-signups@0.0.0~dev: unsafe-perm in lifecycle true
9 verbose lifecycle shuttle-signups@0.0.0~dev: PATH: /Users/lucienbrule/.nvm/versions/node/v6.6.0/lib/node_modules/npm/bin/node-gyp-bin:/Users/lucienbrule/GoogleDrive/Programming/Projects/shuttle-signups/node_modules/.bin:/Library/TeX/texbin:/Users/lucienbrule/.nvm/versions/node/v6.6.0/bin:/usr/local/bin:/usr/bin:/bin:/usr/sbin:/sbin:/Applications/DrMemory-MacOS-1.9.1-RC1/bin:/usr/local/php/bin:/usr/local/php5/bin
10 verbose lifecycle shuttle-signups@0.0.0~dev: CWD: /Users/lucienbrule/GoogleDrive/Programming/Projects/shuttle-signups
11 silly lifecycle shuttle-signups@0.0.0~dev: Args: [ '-c', 'tsc -p ./web/ tsc -p ./web/ -w node app.js' ]
12 silly lifecycle shuttle-signups@0.0.0~dev: Returned: code: 1  signal: null
13 info lifecycle shuttle-signups@0.0.0~dev: Failed to exec dev script
14 verbose stack Error: shuttle-signups@0.0.0 dev: `tsc -p ./web/ tsc -p ./web/ -w node app.js`
14 verbose stack Exit status 1
14 verbose stack     at EventEmitter.<anonymous> (/Users/lucienbrule/.nvm/versions/node/v6.6.0/lib/node_modules/npm/lib/utils/lifecycle.js:255:16)
14 verbose stack     at emitTwo (events.js:106:13)
14 verbose stack     at EventEmitter.emit (events.js:191:7)
14 verbose stack     at ChildProcess.<anonymous> (/Users/lucienbrule/.nvm/versions/node/v6.6.0/lib/node_modules/npm/lib/utils/spawn.js:40:14)
14 verbose stack     at emitTwo (events.js:106:13)
14 verbose stack     at ChildProcess.emit (events.js:191:7)
14 verbose stack     at maybeClose (internal/child_process.js:877:16)
14 verbose stack     at Process.ChildProcess._handle.onexit (internal/child_process.js:226:5)
15 verbose pkgid shuttle-signups@0.0.0
16 verbose cwd /Users/lucienbrule/GoogleDrive/Programming/Projects/shuttle-signups
17 error Darwin 16.1.0
18 error argv "/Users/lucienbrule/.nvm/versions/node/v6.6.0/bin/node" "/Users/lucienbrule/.nvm/versions/node/v6.6.0/bin/npm" "run-script" "dev"
19 error node v6.6.0
20 error npm  v3.10.9
21 error code ELIFECYCLE
22 error shuttle-signups@0.0.0 dev: `tsc -p ./web/ tsc -p ./web/ -w node app.js`
22 error Exit status 1
23 error Failed at the shuttle-signups@0.0.0 dev script 'tsc -p ./web/ tsc -p ./web/ -w node app.js'.
23 error Make sure you have the latest version of node.js and npm installed.
23 error If you do, this is most likely a problem with the shuttle-signups package,
23 error not with npm itself.
23 error Tell the author that this fails on your system:
23 error     tsc -p ./web/ tsc -p ./web/ -w node app.js
23 error You can get information on how to open an issue for this project with:
23 error     npm bugs shuttle-signups
23 error Or if that isn't available, you can get their info via:
23 error     npm owner ls shuttle-signups
23 error There is likely additional logging output above.
24 verbose exit [ 1, true ]
